00:00:30.469 [main] INFO  utilities.Base - chrome launched
00:00:53.603 [main] INFO  PageObject.UndoHomepage - Navigated to Home webpage and title is as expected
00:01:26.542 [main] INFO  PageObject.UndoPayment - Navigated to Payment webpage
00:02:04.056 [main] INFO  PageObject.UndoRechStatus - Recharge sucessfully for the number5523261151
00:02:04.144 [main] INFO  PageObject.UndoRechStatus - Recharge Successfully
00:02:13.442 [main] INFO  utilities.Base - browser closed
00:04:41.577 [main] INFO  utilities.Base - chrome launched
00:05:09.511 [main] INFO  PageObject.UndoHomepage - Navigated to Home webpage and title is as expected
00:05:47.260 [main] INFO  PageObject.UndoPayment - Navigated to Payment webpage
00:06:27.669 [main] INFO  PageObject.UndoRechStatus - Recharge sucessfully for the number5523261151
00:06:27.739 [main] INFO  PageObject.UndoRechStatus - Recharge Successfully
00:06:38.509 [main] INFO  utilities.Base - browser closed
00:06:44.320 [main] INFO  utilities.Base - chrome launched
00:07:26.046 [main] INFO  PageObject.UndoHomepage - Navigated to Home webpage and title is as expected
00:08:43.621 [main] INFO  PageObject.UndoPayment - Navigated to Payment webpage
00:09:35.418 [main] INFO  PageObject.UndoRechStatus - Recharge sucessfully for the number5523261151
00:09:35.501 [main] INFO  PageObject.UndoRechStatus - Recharge Successfully
00:09:52.032 [main] INFO  utilities.Base - browser closed
00:09:58.518 [main] INFO  utilities.Base - chrome launched
00:10:39.972 [main] INFO  PageObject.UndoHomepage - Navigated to Home webpage and title is as expected
00:12:38.741 [main] INFO  PageObject.UndoPayment - Navigated to Payment webpage
00:14:28.587 [main] INFO  utilities.Base - browser closed
00:14:41.671 [main] INFO  utilities.Base - chrome launched
00:16:37.981 [main] INFO  PageObject.UndoHomepage - Navigated to Home webpage and title is as expected
00:18:32.489 [main] INFO  utilities.Base - chrome launched
00:18:45.267 [main] INFO  PageObject.UndoHomepage - Navigated to Home webpage and title is as expected
00:19:23.101 [main] INFO  PageObject.UndoPayment - Navigated to Payment webpage
00:19:55.553 [main] INFO  PageObject.UndoRechStatus - Recharge sucessfully for the number5523261151
00:19:55.614 [main] INFO  PageObject.UndoRechStatus - Recharge Successfully
00:20:03.552 [main] INFO  utilities.Base - browser closed
00:20:10.223 [main] INFO  utilities.Base - chrome launched
00:20:44.003 [main] INFO  PageObject.UndoHomepage - Navigated to Home webpage and title is as expected
00:21:25.191 [main] INFO  PageObject.UndoPayment - Navigated to Payment webpage
00:22:10.715 [main] INFO  PageObject.UndoRechStatus - Recharge sucessfully for the number5523261151
00:22:10.800 [main] INFO  PageObject.UndoRechStatus - Recharge Successfully
00:22:23.390 [main] INFO  utilities.Base - browser closed
00:22:30.643 [main] INFO  utilities.Base - chrome launched
00:23:02.816 [main] INFO  PageObject.UndoHomepage - Navigated to Home webpage and title is as expected
00:24:27.800 [main] INFO  PageObject.UndoPayment - Navigated to Payment webpage
00:27:32.345 [main] INFO  utilities.Base - chrome launched
00:27:52.316 [main] INFO  PageObject.UndoHomepage - Navigated to Home webpage and title is as expected
00:28:22.207 [main] INFO  PageObject.UndoPayment - Navigated to Payment webpage
00:28:54.880 [main] INFO  PageObject.UndoRechStatus - Recharge sucessfully for the number5523261151
00:28:54.968 [main] INFO  PageObject.UndoRechStatus - Recharge Successfully
00:29:02.200 [main] INFO  utilities.Base - browser closed
00:29:06.918 [main] INFO  utilities.Base - chrome launched
00:29:20.309 [main] INFO  PageObject.UndoHomepage - Navigated to Home webpage and title is as expected
00:30:10.817 [main] INFO  PageObject.UndoPayment - Navigated to Payment webpage
00:31:12.416 [main] INFO  PageObject.UndoRechStatus - Recharge sucessfully for the number5523261151
00:31:12.516 [main] INFO  PageObject.UndoRechStatus - Recharge Successfully
00:31:20.769 [main] INFO  utilities.Base - browser closed
00:31:25.974 [main] INFO  utilities.Base - chrome launched
00:31:54.202 [main] INFO  PageObject.UndoHomepage - Navigated to Home webpage and title is as expected
00:34:15.796 [main] INFO  PageObject.UndoPayment - Navigated to Payment webpage
00:39:33.531 [main] INFO  utilities.Base - chrome launched
00:39:58.862 [main] INFO  PageObject.UndoHomepage - Navigated to Home webpage and title is as expected
00:40:27.639 [main] INFO  PageObject.UndoPayment - Navigated to Payment webpage
00:41:07.991 [main] INFO  PageObject.UndoRechStatus - Recharge sucessfully for the number5523261151
00:41:08.203 [main] INFO  PageObject.UndoRechStatus - Recharge Successfully
00:41:14.748 [main] INFO  utilities.Base - browser closed
00:41:23.861 [main] INFO  utilities.Base - chrome launched
00:44:36.800 [main] INFO  utilities.Base - chrome launched
00:44:46.754 [main] INFO  PageObject.UndoHomepage - Navigated to Home webpage and title is as expected
00:45:08.826 [main] INFO  PageObject.UndoPayment - Navigated to Payment webpage
00:46:00.700 [main] INFO  utilities.Base - chrome launched
00:46:18.827 [main] INFO  PageObject.UndoHomepage - Navigated to Home webpage and title is as expected
00:46:38.926 [main] INFO  PageObject.UndoPayment - Navigated to Payment webpage
00:47:11.343 [main] INFO  PageObject.UndoRechStatus - Recharge sucessfully for the number5523261151
00:47:11.395 [main] INFO  PageObject.UndoRechStatus - Recharge Successfully
00:47:13.752 [main] INFO  utilities.Base - browser closed
00:48:57.655 [main] INFO  utilities.Base - chrome launched
00:49:12.975 [main] INFO  PageObject.UndoHomepage - Navigated to Home webpage and title is as expected
00:49:17.891 [main] INFO  PageObject.UndoPayment - Navigated to Payment webpage
00:49:28.035 [main] INFO  utilities.Base - browser closed
00:50:26.768 [main] INFO  utilities.Base - chrome launched
00:51:11.890 [main] INFO  PageObject.UndoHomepage - Navigated to Home webpage and title is as expected
00:52:11.129 [main] INFO  utilities.Base - chrome launched
00:52:31.000 [main] INFO  PageObject.UndoHomepage - Navigated to Home webpage and title is as expected
00:53:04.640 [main] INFO  PageObject.UndoPayment - Navigated to Payment webpage
00:53:55.135 [main] INFO  utilities.Base - browser closed
00:59:16.797 [main] INFO  utilities.Base - chrome launched
00:59:37.822 [main] INFO  PageObject.UndoHomepage - Navigated to Home webpage and title is as expected
01:00:16.376 [main] INFO  utilities.Base - browser closed
01:01:57.992 [main] INFO  utilities.Base - chrome launched
01:02:17.954 [main] INFO  PageObject.UndoHomepage - Navigated to Home webpage and title is as expected
01:02:24.769 [main] ERROR PageObject.UndoPayment - Didn't navigate to payment webpage
01:02:48.541 [main] INFO  utilities.Base - browser closed
01:08:28.492 [main] INFO  utilities.Base - chrome launched
01:08:47.760 [main] INFO  PageObject.UndoHomepage - Navigated to Home webpage and title is as expected
01:09:27.859 [main] INFO  PageObject.UndoPayment - Navigated to Payment webpage
01:10:00.692 [main] INFO  PageObject.UndoRechStatus - Recharge sucessfully for the number5523261151
01:10:00.757 [main] INFO  PageObject.UndoRechStatus - Recharge Successfully
01:10:08.777 [main] INFO  utilities.Base - browser closed
01:10:30.206 [main] INFO  utilities.Base - chrome launched
01:10:50.731 [main] INFO  PageObject.UndoHomepage - Navigated to Home webpage and title is as expected
01:10:56.149 [main] ERROR PageObject.UndoPayment - Didn't navigate to payment webpage
01:11:50.037 [main] INFO  PageObject.UndoRechStatus - Recharge sucessfully for the number5523261151
01:11:50.110 [main] INFO  PageObject.UndoRechStatus - Recharge Successfully
01:11:57.473 [main] INFO  utilities.Base - browser closed
01:12:38.291 [main] INFO  utilities.Base - chrome launched
01:13:11.742 [main] INFO  PageObject.UndoHomepage - Navigated to Home webpage and title is as expected
01:13:43.237 [main] INFO  PageObject.UndoPayment - Navigated to Payment webpage
01:14:21.953 [main] INFO  PageObject.UndoRechStatus - Recharge sucessfully for the number5523261151
01:14:22.018 [main] INFO  PageObject.UndoRechStatus - Recharge Successfully
01:14:31.320 [main] INFO  utilities.Base - browser closed
01:15:02.421 [main] INFO  utilities.Base - chrome launched
01:15:18.076 [main] INFO  PageObject.UndoHomepage - Navigated to Home webpage and title is as expected
01:15:35.163 [main] ERROR PageObject.UndoPayment - Didn't navigate to payment webpage
01:16:31.829 [main] INFO  PageObject.UndoRechStatus - Recharge sucessfully for the number5523261151
01:16:31.877 [main] INFO  PageObject.UndoRechStatus - Recharge Successfully
01:16:36.879 [main] INFO  utilities.Base - browser closed
01:24:24.372 [main] INFO  utilities.Base - chrome launched
01:24:41.837 [main] INFO  PageObject.UndoHomepage - Navigated to Home webpage and title is as expected
01:24:59.567 [main] INFO  PageObject.UndoPayment - Navigated to Payment webpage
01:25:27.572 [main] INFO  PageObject.UndoRechStatus - Recharge sucessfully for the number5523261151
01:25:27.628 [main] INFO  PageObject.UndoRechStatus - Recharge Successfully
01:25:33.655 [main] INFO  utilities.Base - browser closed
01:25:49.793 [main] INFO  utilities.Base - chrome launched
01:26:00.748 [main] INFO  PageObject.UndoHomepage - Navigated to Home webpage and title is as expected
01:26:23.143 [main] INFO  PageObject.UndoPayment - Navigated to Payment webpage
01:26:51.445 [main] INFO  PageObject.UndoRechStatus - Recharge sucessfully for the number5523261151
01:26:51.531 [main] INFO  PageObject.UndoRechStatus - Recharge Successfully
01:26:56.933 [main] INFO  utilities.Base - browser closed
