11:39:48.989 [main] INFO  utilities.BA - chrome launched
11:39:56.940 [main] INFO  utilities.BA - browser closed
11:39:59.441 [main] INFO  utilities.BA - chrome launched
11:40:12.663 [main] INFO  utilities.BA - browser closed
11:40:24.554 [main] INFO  utilities.BA - chrome launched
11:45:03.221 [main] INFO  utilities.BA - chrome launched
11:45:12.843 [main] INFO  utilities.BA - browser closed
11:45:12.845 [main] INFO  utilities.BA - chrome launched
11:45:26.831 [main] INFO  utilities.BA - browser closed
11:45:26.836 [main] INFO  utilities.BA - chrome launched
11:45:51.502 [main] INFO  utilities.BA - browser closed
11:46:28.240 [TestNG-test=Test-2] INFO  utilities.BA - chrome launched
11:46:28.240 [TestNG-test=Test-1] INFO  utilities.BA - chrome launched
11:46:43.748 [TestNG-test=Test-2] INFO  utilities.BA - browser closed
11:46:43.773 [TestNG-test=Test-2] INFO  utilities.BA - chrome launched
11:47:00.298 [TestNG-test=Test-1] INFO  utilities.BA - browser closed
11:48:43.518 [TestNG-test=Test-3] INFO  utilities.BA - chrome launched
11:48:43.518 [TestNG-test=Test-1] INFO  utilities.BA - chrome launched
11:48:43.691 [TestNG-test=Test-2] INFO  utilities.BA - chrome launched
11:49:49.818 [TestNG-test=Test-2] INFO  utilities.BA - browser closed
11:49:55.981 [TestNG-test=Test-1] INFO  utilities.BA - browser closed
11:49:59.185 [TestNG-test=Test-3] INFO  utilities.BA - browser closed
11:53:33.232 [TestNG-test=Test-3] INFO  utilities.BA - chrome launched
11:53:33.232 [TestNG-test=Test-1] INFO  utilities.BA - chrome launched
11:53:33.232 [TestNG-test=Test-2] INFO  utilities.BA - chrome launched
11:54:41.737 [TestNG-test=Test-1] INFO  utilities.BA - chrome launched
11:54:41.737 [TestNG-test=Test-3] INFO  utilities.BA - chrome launched
11:54:41.737 [TestNG-test=Test-2] INFO  utilities.BA - chrome launched
11:54:53.040 [TestNG-test=Test-1] INFO  utilities.BA - browser closed
11:56:01.998 [TestNG-test=Test-2] INFO  utilities.Base - chrome launched
11:56:02.314 [TestNG-test=Test-3] INFO  utilities.Base - chrome launched
11:56:02.267 [TestNG-test=Test-1] INFO  utilities.Base - chrome launched
11:56:07.997 [TestNG-test=Test-1] INFO  utilities.Base - browser closed
11:56:09.647 [TestNG-test=Test-3] INFO  utilities.Base - browser closed
11:56:09.777 [TestNG-test=Test-2] INFO  utilities.Base - browser closed
11:58:05.526 [TestNG-test=Test-2] INFO  utilities.Base - chrome launched
11:58:05.664 [TestNG-test=Test-1] INFO  utilities.Base - chrome launched
11:58:06.213 [TestNG-test=Test-3] INFO  utilities.Base - chrome launched
11:58:09.880 [TestNG-test=Test-1] INFO  utilities.Base - browser closed
11:58:12.512 [TestNG-test=Test-2] INFO  utilities.Base - browser closed
11:58:12.532 [TestNG-test=Test-3] INFO  utilities.Base - browser closed
11:59:20.662 [TestNG-test=Test-2] INFO  utilities.Base - chrome launched
11:59:20.726 [TestNG-test=Test-1] INFO  utilities.Base - chrome launched
11:59:20.786 [TestNG-test=Test-3] INFO  utilities.Base - chrome launched
11:59:56.495 [TestNG-test=Test-1] INFO  utilities.Base - browser closed
11:59:58.059 [TestNG-test=Test-2] INFO  utilities.Base - browser closed
11:59:58.103 [TestNG-test=Test-3] INFO  utilities.Base - browser closed
12:01:50.593 [TestNG-test=Test-3] INFO  utilities.Base - chrome launched
12:01:50.593 [TestNG-test=Test-2] INFO  utilities.Base - chrome launched
12:01:50.736 [TestNG-test=Test-1] INFO  utilities.Base - chrome launched
12:01:57.881 [TestNG-test=Test-3] INFO  utilities.Base - browser closed
12:01:57.883 [TestNG-test=Test-2] INFO  utilities.Base - browser closed
12:01:57.989 [TestNG-test=Test-1] INFO  utilities.Base - browser closed
12:03:09.735 [main] INFO  utilities.BA - chrome launched
12:03:13.665 [main] INFO  utilities.BA - browser closed
12:03:52.063 [TestNG-test=Test-3] INFO  utilities.BA - chrome launched
12:03:52.091 [TestNG-test=Test-2] INFO  utilities.BA - chrome launched
12:03:52.091 [TestNG-test=Test-1] INFO  utilities.BA - chrome launched
12:04:08.551 [TestNG-test=Test-3] INFO  utilities.BA - browser closed
12:04:08.754 [TestNG-test=Test-1] INFO  utilities.BA - browser closed
12:04:09.529 [TestNG-test=Test-2] INFO  utilities.BA - browser closed
12:05:40.291 [TestNG-test=Test-1] INFO  utilities.BA - chrome launched
12:05:40.292 [TestNG-test=Test-3] INFO  utilities.BA - chrome launched
12:05:40.292 [TestNG-test=Test-2] INFO  utilities.BA - chrome launched
12:05:54.802 [TestNG-test=Test-2] INFO  utilities.BA - browser closed
12:05:55.163 [TestNG-test=Test-3] INFO  utilities.BA - browser closed
12:05:55.181 [TestNG-test=Test-1] INFO  utilities.BA - browser closed
12:07:35.199 [TestNG-test=Test-2] INFO  utilities.BA - chrome launched
12:07:35.199 [TestNG-test=Test-1] INFO  utilities.BA - chrome launched
12:07:35.301 [TestNG-test=Test-3] INFO  utilities.BA - chrome launched
12:07:51.091 [TestNG-test=Test-2] INFO  utilities.BA - browser closed
12:07:51.114 [TestNG-test=Test-3] INFO  utilities.BA - browser closed
12:07:51.518 [TestNG-test=Test-1] INFO  utilities.BA - browser closed
12:10:04.868 [TestNG-test=Test-2] INFO  utilities.BA - chrome launched
12:10:04.936 [TestNG-test=Test-3] INFO  utilities.BA - chrome launched
12:10:04.936 [TestNG-test=Test-1] INFO  utilities.BA - chrome launched
12:11:26.637 [TestNG-test=Test-1] INFO  utilities.BA - browser closed
12:11:26.639 [TestNG-test=Test-3] INFO  utilities.BA - browser closed
12:11:26.820 [TestNG-test=Test-2] INFO  utilities.BA - browser closed
12:13:46.944 [TestNG-test=Test-3] INFO  utilities.Base - chrome launched
12:13:46.936 [TestNG-test=Test-1] INFO  utilities.Base - chrome launched
12:13:46.936 [TestNG-test=Test-2] INFO  utilities.Base - chrome launched
12:14:04.600 [TestNG-test=Test-1] INFO  utilities.Base - browser closed
12:14:05.327 [TestNG-test=Test-3] INFO  utilities.Base - browser closed
12:14:07.435 [TestNG-test=Test-2] INFO  utilities.Base - browser closed
12:16:37.011 [TestNG-test=Test-3] INFO  utilities.Base - chrome launched
12:16:37.011 [TestNG-test=Test-1] INFO  utilities.Base - chrome launched
12:16:37.087 [TestNG-test=Test-2] INFO  utilities.Base - chrome launched
12:16:46.730 [TestNG-test=Test-3] INFO  utilities.Base - browser closed
12:24:47.113 [TestNG-test=Test-3] INFO  utilities.Base - chrome launched
12:24:47.239 [TestNG-test=Test-1] INFO  utilities.Base - chrome launched
12:24:47.317 [TestNG-test=Test-2] INFO  utilities.Base - chrome launched
12:24:55.310 [TestNG-test=Test-2] INFO  utilities.Base - browser closed
12:24:55.430 [TestNG-test=Test-1] INFO  utilities.Base - browser closed
12:24:55.856 [TestNG-test=Test-3] INFO  utilities.Base - browser closed
12:25:47.617 [TestNG-test=Test-1] INFO  utilities.Base - chrome launched
12:25:47.638 [TestNG-test=Test-3] INFO  utilities.Base - chrome launched
12:25:47.815 [TestNG-test=Test-2] INFO  utilities.Base - chrome launched
12:26:02.753 [TestNG-test=Test-3] INFO  utilities.Base - browser closed
12:26:03.587 [TestNG-test=Test-2] INFO  utilities.Base - browser closed
12:26:05.152 [TestNG-test=Test-1] INFO  utilities.Base - browser closed
12:27:27.673 [TestNG-test=Test-3] INFO  utilities.Base - chrome launched
12:27:27.764 [TestNG-test=Test-1] INFO  utilities.Base - chrome launched
12:27:27.764 [TestNG-test=Test-2] INFO  utilities.Base - chrome launched
12:27:55.668 [TestNG-test=Test-3] INFO  utilities.Base - browser closed
12:27:55.763 [TestNG-test=Test-1] INFO  utilities.Base - browser closed
12:28:00.716 [TestNG-test=Test-2] INFO  utilities.Base - browser closed
12:28:31.263 [main] INFO  utilities.Base - chrome launched
12:28:42.946 [main] INFO  utilities.Base - browser closed
12:29:23.566 [main] INFO  utilities.Base - chrome launched
12:30:11.526 [main] INFO  utilities.Base - chrome launched
12:30:21.558 [main] INFO  utilities.Base - browser closed
12:32:15.200 [main] INFO  utilities.Base - chrome launched
12:32:23.532 [main] INFO  utilities.Base - browser closed
12:35:32.940 [main] INFO  utilities.Base - chrome launched
12:35:46.361 [main] INFO  utilities.Base - browser closed
12:36:34.584 [main] INFO  utilities.Base - chrome launched
12:36:48.605 [main] INFO  utilities.Base - browser closed
